<?xml version="1.0" encoding="UTF-8"?>
<!-- Generated by org.testng.reporters.JUnitReportReporter -->
<testsuite skipped="0" hostname="LM-MAA-22004648" name="JavaBasics.Testng.getTestResult" tests="1" failures="0" timestamp="04 Sep 2018 08:36:33 GMT" time="0.016" errors="0">
  <testcase name="teststackquestion" time="0.016" classname="JavaBasics.Testng.getTestResult"/>
</testsuite> <!-- JavaBasics.Testng.getTestResult -->
