<?xml version="1.0" encoding="UTF-8"?>
<!-- Generated by org.testng.reporters.JUnitReportReporter -->
<testsuite skipped="0" hostname="LM-MAA-22004648" name="JavaBasics.Testng.TestngAnnotation" tests="2" failures="0" timestamp="10 Aug 2018 12:49:57 GMT" time="0.012" errors="0">
  <testcase name="testCase2" time="0.002" classname="JavaBasics.Testng.TestngAnnotation"/>
  <testcase name="testCase1" time="0.010" classname="JavaBasics.Testng.TestngAnnotation"/>
</testsuite> <!-- JavaBasics.Testng.TestngAnnotation -->
